<?xml version="1.0" encoding="UTF-8"?>
<!-- Generated by org.testng.reporters.JUnitXMLReporter -->
<testsuite hostname="DESKTOP-S33VJ14" ignored="0" name="MayurTest" tests="4" failures="3" timestamp="19 Mar 2022 07:44:27 GMT" time="105.918" errors="0">
  <testcase name="login" time="11.045" classname="com.mayur.testcases.LoginTestWithDataProvider">
    <failure type="java.lang.AssertionError" message="expected [true] but found [false]">
      <![CDATA[java.lang.AssertionError: expected [true] but found [false]
at com.mayur.testcases.LoginTestWithDataProvider.login(LoginTestWithDataProvider.java:49)
... Removed 29 stack frames]]>
    </failure>
  </testcase> <!-- login -->
  <testcase name="login" time="12.222" classname="com.mayur.testcases.LoginTestWithDataProvider"/>
  <testcase name="login" time="9.427" classname="com.mayur.testcases.LoginTestWithDataProvider">
    <failure type="java.lang.AssertionError" message="expected [true] but found [false]">
      <![CDATA[java.lang.AssertionError: expected [true] but found [false]
at com.mayur.testcases.LoginTestWithDataProvider.login(LoginTestWithDataProvider.java:49)
... Removed 29 stack frames]]>
    </failure>
  </testcase> <!-- login -->
  <testcase name="login" time="7.708" classname="com.mayur.testcases.LoginTestWithDataProvider">
    <failure type="java.lang.AssertionError" message="expected [true] but found [false]">
      <![CDATA[java.lang.AssertionError: expected [true] but found [false]
at com.mayur.testcases.LoginTestWithDataProvider.login(LoginTestWithDataProvider.java:49)
... Removed 29 stack frames]]>
    </failure>
  </testcase> <!-- login -->
</testsuite> <!-- MayurTest -->
