<?xml version="1.0" encoding="UTF-8"?>
<testng-results skipped="0" failed="0" ignored="0" total="1" passed="1">
  <reporter-output>
  </reporter-output>
  <suite name="Default suite" duration-ms="38426" started-at="2022-03-17T03:14:36Z" finished-at="2022-03-17T03:15:14Z">
    <groups>
    </groups>
    <test name="Default test" duration-ms="38426" started-at="2022-03-17T03:14:36Z" finished-at="2022-03-17T03:15:14Z">
      <class name="com.mayur.testcases.paymentValidationsTest">
        <test-method status="PASS" signature="beforeMethod()[pri:0, instance:com.mayur.testcases.paymentValidationsTest@16aa0a0a]" name="beforeMethod" is-config="true" duration-ms="13261" started-at="2022-03-17T03:14:36Z" finished-at="2022-03-17T03:14:49Z">
          <reporter-output>
          </reporter-output>
        </test-method> <!-- beforeMethod -->
        <test-method status="PASS" signature="f()[pri:0, instance:com.mayur.testcases.paymentValidationsTest@16aa0a0a]" name="f" duration-ms="23637" started-at="2022-03-17T03:14:49Z" finished-at="2022-03-17T03:15:13Z">
          <reporter-output>
          </reporter-output>
        </test-method> <!-- f -->
        <test-method status="PASS" signature="afterMethod()[pri:0, instance:com.mayur.testcases.paymentValidationsTest@16aa0a0a]" name="afterMethod" is-config="true" duration-ms="1483" started-at="2022-03-17T03:15:13Z" finished-at="2022-03-17T03:15:14Z">
          <reporter-output>
          </reporter-output>
        </test-method> <!-- afterMethod -->
      </class> <!-- com.mayur.testcases.paymentValidationsTest -->
    </test> <!-- Default test -->
  </suite> <!-- Default suite -->
</testng-results>
